  [1m[35m (6.2ms)[0m  [1m[35mCREATE TABLE "schema_migrations" ("version" varchar NOT NULL PRIMARY KEY)[0m
  [1m[35m (0.2ms)[0m  [1m[35mCREATE TABLE "ar_internal_metadata" ("key" varchar NOT NULL PRIMARY KEY, "value" varchar, "created_at" datetime(6) NOT NULL, "updated_at" datetime(6) NOT NULL)[0m
  [1m[36mActiveRecord::InternalMetadata Load (0.1ms)[0m  [1m[34mSELECT * FROM "ar_internal_metadata" WHERE "ar_internal_metadata"."key" = ? ORDER BY "ar_internal_metadata"."key" ASC LIMIT 1[0m  [[nil, "environment"]]
  [1m[36mActiveRecord::InternalMetadata Create (0.1ms)[0m  [1m[32mINSERT INTO "ar_internal_metadata" ("key", "value", "created_at", "updated_at") VALUES ('environment', 'development', '2023-10-21 06:59:05.912258', '2023-10-21 06:59:05.912262') RETURNING "key"[0m
  [1m[36mActiveRecord::SchemaMigration Load (0.1ms)[0m  [1m[34mSELECT "schema_migrations"."version" FROM "schema_migrations" ORDER BY "schema_migrations"."version" ASC[0m
Migrating to CreateBlogs (20231021065900)
  [1m[36mTRANSACTION (0.1ms)[0m  [1m[36mbegin transaction[0m
  [1m[35m (1.3ms)[0m  [1m[35mCREATE TABLE "blogs" ("id" integer PRIMARY KEY AUTOINCREMENT NOT NULL, "title" varchar, "content" text, "created_at" datetime(6) NOT NULL, "updated_at" datetime(6) NOT NULL)[0m
  [1m[36mActiveRecord::SchemaMigration Create (0.1ms)[0m  [1m[32mINSERT INTO "schema_migrations" ("version") VALUES ('20231021065900') RETURNING "version"[0m
  [1m[36mTRANSACTION (0.1ms)[0m  [1m[36mcommit transaction[0m
  [1m[36mActiveRecord::SchemaMigration Load (0.0ms)[0m  [1m[34mSELECT "schema_migrations"."version" FROM "schema_migrations" ORDER BY "schema_migrations"."version" ASC[0m
Started GET "/" for 127.0.0.1 at 2023-10-21 14:59:26 +0800
  [1m[36mActiveRecord::SchemaMigration Load (0.1ms)[0m  [1m[34mSELECT "schema_migrations"."version" FROM "schema_migrations" ORDER BY "schema_migrations"."version" ASC[0m
Processing by Rails::WelcomeController#index as HTML
  Rendering D:/LenovoSoftstore/Install/Ruby32/Ruby32-x64/lib/ruby/gems/3.2.0/gems/railties-7.1.1/lib/rails/templates/rails/welcome/index.html.erb
  Rendered D:/LenovoSoftstore/Install/Ruby32/Ruby32-x64/lib/ruby/gems/3.2.0/gems/railties-7.1.1/lib/rails/templates/rails/welcome/index.html.erb (Duration: 1.3ms | Allocations: 375)
Completed 200 OK in 95ms (Views: 17.0ms | ActiveRecord: 0.0ms | Allocations: 7468)


Started GET "/blogs" for 127.0.0.1 at 2023-10-21 15:00:06 +0800
Processing by BlogsController#index as HTML
  Rendering layout layouts/application.html.erb
  Rendering blogs/index.html.erb within layouts/application
  [1m[36mBlog Load (0.1ms)[0m  [1m[34mSELECT "blogs".* FROM "blogs"[0m
  ↳ app/views/blogs/index.html.erb:6
  Rendered blogs/index.html.erb within layouts/application (Duration: 4.5ms | Allocations: 1174)
  Rendered layout layouts/application.html.erb (Duration: 338.3ms | Allocations: 60729)
Completed 500 Internal Server Error in 401ms (ActiveRecord: 0.1ms | Allocations: 71656)


  
ActionView::Template::Error (Permission denied @ rb_file_s_rename - (D:/important/2023Autumn/ruby/projects/blog4/tmp/cache/assets/sprockets/v4.0.0/Ng/NglIFFSLUB0V0qNp7o9Es5mAD1lginIJTjtwhUyqNpo.cache.14460.18132.204166, D:/important/2023Autumn/ruby/projects/blog4/tmp/cache/assets/sprockets/v4.0.0/Ng/NglIFFSLUB0V0qNp7o9Es5mAD1lginIJTjtwhUyqNpo.cache)):
  
sprockets (4.2.1) lib/sprockets/path_utils.rb:362:in `rename'
sprockets (4.2.1) lib/sprockets/path_utils.rb:362:in `atomic_write'
sprockets (4.2.1) lib/sprockets/cache/file_store.rb:112:in `set'
sprockets (4.2.1) lib/sprockets/cache.rb:227:in `set'
sprockets (4.2.1) lib/sprockets/cache.rb:143:in `set'
sprockets (4.2.1) lib/sprockets/loader.rb:268:in `store_asset'
sprockets (4.2.1) lib/sprockets/loader.rb:228:in `load_from_unloaded'
sprockets (4.2.1) lib/sprockets/loader.rb:59:in `block in load'
sprockets (4.2.1) lib/sprockets/loader.rb:339:in `fetch_asset_from_dependency_cache'
sprockets (4.2.1) lib/sprockets/loader.rb:43:in `load'
sprockets (4.2.1) lib/sprockets/cached_environment.rb:44:in `block in load'
concurrent-ruby (1.2.2) lib/concurrent-ruby/concurrent/map.rb:207:in `block in fetch_or_store'
concurrent-ruby (1.2.2) lib/concurrent-ruby/concurrent/map.rb:187:in `fetch'
concurrent-ruby (1.2.2) lib/concurrent-ruby/concurrent/map.rb:206:in `fetch_or_store'
sprockets (4.2.1) lib/sprockets/cached_environment.rb:44:in `load'
sprockets (4.2.1) lib/sprockets/base.rb:81:in `find_asset'
sprockets (4.2.1) lib/sprockets/base.rb:88:in `find_all_linked_assets'
sprockets (4.2.1) lib/sprockets/manifest.rb:125:in `each'
sprockets (4.2.1) lib/sprockets/manifest.rb:125:in `to_a'
sprockets (4.2.1) lib/sprockets/manifest.rb:125:in `block (2 levels) in find'
concurrent-ruby (1.2.2) lib/concurrent-ruby/concurrent/executor/safe_task_executor.rb:24:in `block in execute'
concurrent-ruby (1.2.2) lib/concurrent-ruby/concurrent/synchronization/mutex_lockable_object.rb:48:in `block in synchronize'
concurrent-ruby (1.2.2) lib/concurrent-ruby/concurrent/synchronization/mutex_lockable_object.rb:48:in `synchronize'
concurrent-ruby (1.2.2) lib/concurrent-ruby/concurrent/synchronization/mutex_lockable_object.rb:48:in `synchronize'
concurrent-ruby (1.2.2) lib/concurrent-ruby/concurrent/executor/safe_task_executor.rb:22:in `execute'
concurrent-ruby (1.2.2) lib/concurrent-ruby/concurrent/promise.rb:564:in `block in realize'
concurrent-ruby (1.2.2) lib/concurrent-ruby/concurrent/executor/ruby_thread_pool_executor.rb:352:in `run_task'
concurrent-ruby (1.2.2) lib/concurrent-ruby/concurrent/executor/ruby_thread_pool_executor.rb:343:in `block (3 levels) in create_worker'
concurrent-ruby (1.2.2) lib/concurrent-ruby/concurrent/executor/ruby_thread_pool_executor.rb:334:in `loop'
concurrent-ruby (1.2.2) lib/concurrent-ruby/concurrent/executor/ruby_thread_pool_executor.rb:334:in `block (2 levels) in create_worker'
concurrent-ruby (1.2.2) lib/concurrent-ruby/concurrent/executor/ruby_thread_pool_executor.rb:333:in `catch'
concurrent-ruby (1.2.2) lib/concurrent-ruby/concurrent/executor/ruby_thread_pool_executor.rb:333:in `block in create_worker'
  [1m[36mActiveRecord::InternalMetadata Load (0.1ms)[0m  [1m[34mSELECT * FROM "ar_internal_metadata" WHERE "ar_internal_metadata"."key" = ? ORDER BY "ar_internal_metadata"."key" ASC LIMIT 1[0m  [[nil, "environment"]]
  [1m[36mActiveRecord::SchemaMigration Load (0.1ms)[0m  [1m[34mSELECT "schema_migrations"."version" FROM "schema_migrations" ORDER BY "schema_migrations"."version" ASC[0m
  [1m[36mActiveRecord::SchemaMigration Load (0.0ms)[0m  [1m[34mSELECT "schema_migrations"."version" FROM "schema_migrations" ORDER BY "schema_migrations"."version" ASC[0m
  [1m[36mActiveRecord::InternalMetadata Load (0.1ms)[0m  [1m[34mSELECT * FROM "ar_internal_metadata" WHERE "ar_internal_metadata"."key" = ? ORDER BY "ar_internal_metadata"."key" ASC LIMIT 1[0m  [[nil, "environment"]]
  [1m[36mActiveRecord::SchemaMigration Load (0.1ms)[0m  [1m[34mSELECT "schema_migrations"."version" FROM "schema_migrations" ORDER BY "schema_migrations"."version" ASC[0m
  [1m[36mActiveRecord::SchemaMigration Load (0.0ms)[0m  [1m[34mSELECT "schema_migrations"."version" FROM "schema_migrations" ORDER BY "schema_migrations"."version" ASC[0m
Started GET "/blogs" for 127.0.0.1 at 2023-10-21 15:08:54 +0800
Processing by BlogsController#index as HTML
  Rendering layout layouts/application.html.erb
  Rendering blogs/index.html.erb within layouts/application
  [1m[36mBlog Load (3.3ms)[0m  [1m[34mSELECT "blogs".* FROM "blogs"[0m
  ↳ app/views/blogs/index.html.erb:6
  Rendered blogs/index.html.erb within layouts/application (Duration: 8.6ms | Allocations: 1085)
  Rendered layout layouts/application.html.erb (Duration: 118.5ms | Allocations: 33440)
Completed 200 OK in 143ms (Views: 123.8ms | ActiveRecord: 5.3ms | Allocations: 34998)


Started GET "/" for 127.0.0.1 at 2023-10-21 15:08:57 +0800
  
ActionController::RoutingError (uninitialized constant PostsController):
  
Started GET "/" for 127.0.0.1 at 2023-10-21 15:09:01 +0800
  
ActionController::RoutingError (uninitialized constant PostsController):
  
Started GET "/" for 127.0.0.1 at 2023-10-21 15:09:16 +0800
  
ActionController::RoutingError (uninitialized constant PostsController):
  
Started GET "/" for 127.0.0.1 at 2023-10-21 15:09:18 +0800
  
ActionController::RoutingError (uninitialized constant PostsController):
  
Started GET "/" for 127.0.0.1 at 2023-10-21 15:11:16 +0800
Processing by Rails::WelcomeController#index as HTML
  Rendering D:/LenovoSoftstore/Install/Ruby32/Ruby32-x64/lib/ruby/gems/3.2.0/gems/railties-7.1.1/lib/rails/templates/rails/welcome/index.html.erb
  Rendered D:/LenovoSoftstore/Install/Ruby32/Ruby32-x64/lib/ruby/gems/3.2.0/gems/railties-7.1.1/lib/rails/templates/rails/welcome/index.html.erb (Duration: 1.1ms | Allocations: 264)
Completed 200 OK in 7ms (Views: 3.0ms | ActiveRecord: 0.0ms | Allocations: 887)


Started GET "/blogs" for 127.0.0.1 at 2023-10-21 15:11:26 +0800
Processing by BlogsController#index as HTML
  Rendering layout layouts/application.html.erb
  Rendering blogs/index.html.erb within layouts/application
  [1m[36mBlog Load (0.1ms)[0m  [1m[34mSELECT "blogs".* FROM "blogs"[0m
  ↳ app/views/blogs/index.html.erb:6
  Rendered blogs/index.html.erb within layouts/application (Duration: 2.9ms | Allocations: 1227)
  Rendered layout layouts/application.html.erb (Duration: 28.4ms | Allocations: 14039)
Completed 200 OK in 38ms (Views: 30.0ms | ActiveRecord: 1.7ms | Allocations: 15543)


Started GET "/blogs/new" for 127.0.0.1 at 2023-10-21 15:11:27 +0800
Processing by BlogsController#new as HTML
  Rendering layout layouts/application.html.erb
  Rendering blogs/new.html.erb within layouts/application
  Rendered blogs/_form.html.erb (Duration: 14.1ms | Allocations: 2627)
  Rendered blogs/new.html.erb within layouts/application (Duration: 16.2ms | Allocations: 2911)
  Rendered layout layouts/application.html.erb (Duration: 21.6ms | Allocations: 4898)
Completed 200 OK in 52ms (Views: 22.5ms | ActiveRecord: 0.3ms | Allocations: 14326)


Started POST "/blogs" for 127.0.0.1 at 2023-10-21 15:11:46 +0800
Processing by BlogsController#create as TURBO_STREAM
  Parameters: {"authenticity_token"=>"[FILTERED]", "blog"=>{"title"=>"myFirstRubyBlog", "content"=>"hello world!"}, "commit"=>"Create Blog"}
  [1m[36mTRANSACTION (0.1ms)[0m  [1m[36mbegin transaction[0m
  ↳ app/controllers/blogs_controller.rb:27:in `block in create'
  [1m[36mBlog Create (1.4ms)[0m  [1m[32mINSERT INTO "blogs" ("title", "content", "created_at", "updated_at") VALUES (?, ?, ?, ?) RETURNING "id"[0m  [["title", "myFirstRubyBlog"], ["content", "hello world!"], ["created_at", "2023-10-21 07:11:46.184727"], ["updated_at", "2023-10-21 07:11:46.184727"]]
  ↳ app/controllers/blogs_controller.rb:27:in `block in create'
  [1m[36mTRANSACTION (5.5ms)[0m  [1m[36mcommit transaction[0m
  ↳ app/controllers/blogs_controller.rb:27:in `block in create'
Redirected to http://127.0.0.1:3000/blogs/1
Completed 302 Found in 14ms (ActiveRecord: 6.9ms | Allocations: 3401)


Started GET "/blogs/1" for 127.0.0.1 at 2023-10-21 15:11:46 +0800
Processing by BlogsController#show as TURBO_STREAM
  Parameters: {"id"=>"1"}
  [1m[36mBlog Load (0.1ms)[0m  [1m[34mSELECT "blogs".* FROM "blogs" WHERE "blogs"."id" = ? LIMIT ?[0m  [["id", 1], ["LIMIT", 1]]
  ↳ app/controllers/blogs_controller.rb:63:in `set_blog'
  Rendering layout layouts/application.html.erb
  Rendering blogs/show.html.erb within layouts/application
  Rendered blogs/_blog.html.erb (Duration: 0.6ms | Allocations: 183)
  Rendered blogs/show.html.erb within layouts/application (Duration: 7.4ms | Allocations: 1300)
  Rendered layout layouts/application.html.erb (Duration: 12.5ms | Allocations: 3284)
Completed 200 OK in 24ms (Views: 13.4ms | ActiveRecord: 0.1ms | Allocations: 6274)


Started GET "/blogs/1" for 127.0.0.1 at 2023-10-21 15:17:44 +0800
Processing by BlogsController#show as HTML
  Parameters: {"id"=>"1"}
  [1m[36mBlog Load (1.9ms)[0m  [1m[34mSELECT "blogs".* FROM "blogs" WHERE "blogs"."id" = ? LIMIT ?[0m  [["id", 1], ["LIMIT", 1]]
  ↳ app/controllers/blogs_controller.rb:63:in `set_blog'
  Rendering layout layouts/application.html.erb
  Rendering blogs/show.html.erb within layouts/application
  Rendered blogs/_blog.html.erb (Duration: 0.5ms | Allocations: 179)
  Rendered blogs/show.html.erb within layouts/application (Duration: 3.5ms | Allocations: 999)
  Rendered layout layouts/application.html.erb (Duration: 29.0ms | Allocations: 13787)
Completed 200 OK in 46ms (Views: 32.9ms | ActiveRecord: 2.8ms | Allocations: 18657)


Started GET "/" for 127.0.0.1 at 2023-10-21 15:17:49 +0800
Processing by BlogsController#index as HTML
  Rendering layout layouts/application.html.erb
  Rendering blogs/index.html.erb within layouts/application
  [1m[36mBlog Load (0.2ms)[0m  [1m[34mSELECT "blogs".* FROM "blogs"[0m
  ↳ app/views/blogs/index.html.erb:6
  Rendered blogs/_blog.html.erb (Duration: 0.1ms | Allocations: 17)
  Rendered blogs/index.html.erb within layouts/application (Duration: 5.7ms | Allocations: 990)
  Rendered layout layouts/application.html.erb (Duration: 21.8ms | Allocations: 2978)
Completed 200 OK in 32ms (Views: 23.4ms | ActiveRecord: 0.2ms | Allocations: 3325)


Started GET "/" for 127.0.0.1 at 2023-10-21 15:27:15 +0800
Processing by BlogsController#index as HTML
  Rendering layout layouts/application.html.erb
  Rendering blogs/index.html.erb within layouts/application
  [1m[36mBlog Load (1.8ms)[0m  [1m[34mSELECT "blogs".* FROM "blogs"[0m
  ↳ app/views/blogs/index.html.erb:6
  Rendered blogs/_blog.html.erb (Duration: 0.9ms | Allocations: 179)
  Rendered blogs/index.html.erb within layouts/application (Duration: 12.3ms | Allocations: 3751)
  Rendered layout layouts/application.html.erb (Duration: 73.2ms | Allocations: 16558)
Completed 200 OK in 95ms (Views: 76.0ms | ActiveRecord: 3.0ms | Allocations: 18110)


Started GET "/blogs/1" for 127.0.0.1 at 2023-10-21 15:27:20 +0800
Processing by BlogsController#show as HTML
  Parameters: {"id"=>"1"}
  [1m[36mBlog Load (0.1ms)[0m  [1m[34mSELECT "blogs".* FROM "blogs" WHERE "blogs"."id" = ? LIMIT ?[0m  [["id", 1], ["LIMIT", 1]]
  ↳ app/controllers/blogs_controller.rb:68:in `set_blog'
  Rendering layout layouts/application.html.erb
  Rendering blogs/show.html.erb within layouts/application
  Rendered blogs/_blog.html.erb (Duration: 0.1ms | Allocations: 17)
  Rendered blogs/show.html.erb within layouts/application (Duration: 1.8ms | Allocations: 643)
  Rendered layout layouts/application.html.erb (Duration: 8.9ms | Allocations: 2627)
Completed 200 OK in 17ms (Views: 9.8ms | ActiveRecord: 0.1ms | Allocations: 3927)


Started GET "/blogs" for 127.0.0.1 at 2023-10-21 15:27:24 +0800
Processing by BlogsController#index as HTML
  Rendering layout layouts/application.html.erb
  Rendering blogs/index.html.erb within layouts/application
  [1m[36mBlog Load (0.1ms)[0m  [1m[34mSELECT "blogs".* FROM "blogs"[0m
  ↳ app/views/blogs/index.html.erb:6
  Rendered blogs/_blog.html.erb (Duration: 0.1ms | Allocations: 17)
  Rendered blogs/index.html.erb within layouts/application (Duration: 2.7ms | Allocations: 738)
  Rendered layout layouts/application.html.erb (Duration: 10.4ms | Allocations: 2726)
Completed 200 OK in 14ms (Views: 11.3ms | ActiveRecord: 0.1ms | Allocations: 2987)


Started GET "/blogs/new" for 127.0.0.1 at 2023-10-21 15:27:25 +0800
Processing by BlogsController#new as HTML
  Rendering layout layouts/application.html.erb
  Rendering blogs/new.html.erb within layouts/application
  Rendered blogs/_form.html.erb (Duration: 5.0ms | Allocations: 1801)
  Rendered blogs/new.html.erb within layouts/application (Duration: 9.8ms | Allocations: 2076)
  Rendered layout layouts/application.html.erb (Duration: 23.9ms | Allocations: 4063)
Completed 200 OK in 33ms (Views: 25.3ms | ActiveRecord: 0.0ms | Allocations: 4440)


Started POST "/blogs" for 127.0.0.1 at 2023-10-21 15:27:37 +0800
Processing by BlogsController#create as TURBO_STREAM
  Parameters: {"authenticity_token"=>"[FILTERED]", "blog"=>{"title"=>"", "content"=>""}, "commit"=>"Create Blog"}
  [1m[36mTRANSACTION (0.1ms)[0m  [1m[36mbegin transaction[0m
  ↳ app/controllers/blogs_controller.rb:32:in `block in create'
  [1m[36mBlog Create (1.6ms)[0m  [1m[32mINSERT INTO "blogs" ("title", "content", "created_at", "updated_at") VALUES (?, ?, ?, ?) RETURNING "id"[0m  [["title", ""], ["content", ""], ["created_at", "2023-10-21 07:27:37.858226"], ["updated_at", "2023-10-21 07:27:37.858226"]]
  ↳ app/controllers/blogs_controller.rb:32:in `block in create'
  [1m[36mTRANSACTION (5.7ms)[0m  [1m[36mcommit transaction[0m
  ↳ app/controllers/blogs_controller.rb:32:in `block in create'
Redirected to http://127.0.0.1:3000/blogs/2
Completed 302 Found in 16ms (ActiveRecord: 7.3ms | Allocations: 2059)


Started GET "/blogs/2" for 127.0.0.1 at 2023-10-21 15:27:37 +0800
Processing by BlogsController#show as TURBO_STREAM
  Parameters: {"id"=>"2"}
  [1m[36mBlog Load (0.1ms)[0m  [1m[34mSELECT "blogs".* FROM "blogs" WHERE "blogs"."id" = ? LIMIT ?[0m  [["id", 2], ["LIMIT", 1]]
  ↳ app/controllers/blogs_controller.rb:68:in `set_blog'
  Rendering layout layouts/application.html.erb
  Rendering blogs/show.html.erb within layouts/application
  Rendered blogs/_blog.html.erb (Duration: 0.1ms | Allocations: 17)
  Rendered blogs/show.html.erb within layouts/application (Duration: 1.1ms | Allocations: 505)
  Rendered layout layouts/application.html.erb (Duration: 19.7ms | Allocations: 2488)
Completed 200 OK in 25ms (Views: 20.9ms | ActiveRecord: 0.1ms | Allocations: 3134)


Started GET "/blogs" for 127.0.0.1 at 2023-10-21 15:27:40 +0800
Processing by BlogsController#index as HTML
  Rendering layout layouts/application.html.erb
  Rendering blogs/index.html.erb within layouts/application
  [1m[36mBlog Load (0.1ms)[0m  [1m[34mSELECT "blogs".* FROM "blogs"[0m
  ↳ app/views/blogs/index.html.erb:6
  Rendered blogs/_blog.html.erb (Duration: 0.1ms | Allocations: 17)
  Rendered blogs/_blog.html.erb (Duration: 0.1ms | Allocations: 16)
  Rendered blogs/index.html.erb within layouts/application (Duration: 4.6ms | Allocations: 850)
  Rendered layout layouts/application.html.erb (Duration: 20.2ms | Allocations: 2838)
Completed 200 OK in 27ms (Views: 21.6ms | ActiveRecord: 0.1ms | Allocations: 3099)


Started GET "/blogs/new" for 127.0.0.1 at 2023-10-21 15:27:42 +0800
Processing by BlogsController#new as HTML
  Rendering layout layouts/application.html.erb
  Rendering blogs/new.html.erb within layouts/application
  Rendered blogs/_form.html.erb (Duration: 4.4ms | Allocations: 1262)
  Rendered blogs/new.html.erb within layouts/application (Duration: 5.4ms | Allocations: 1342)
  Rendered layout layouts/application.html.erb (Duration: 21.1ms | Allocations: 3329)
Completed 200 OK in 32ms (Views: 22.7ms | ActiveRecord: 0.0ms | Allocations: 3624)


Started POST "/blogs" for 127.0.0.1 at 2023-10-21 15:27:43 +0800
Processing by BlogsController#create as TURBO_STREAM
  Parameters: {"authenticity_token"=>"[FILTERED]", "blog"=>{"title"=>"", "content"=>""}, "commit"=>"Create Blog"}
  [1m[36mTRANSACTION (0.1ms)[0m  [1m[36mbegin transaction[0m
  ↳ app/controllers/blogs_controller.rb:32:in `block in create'
  [1m[36mBlog Create (7.7ms)[0m  [1m[32mINSERT INTO "blogs" ("title", "content", "created_at", "updated_at") VALUES (?, ?, ?, ?) RETURNING "id"[0m  [["title", ""], ["content", ""], ["created_at", "2023-10-21 07:27:43.469131"], ["updated_at", "2023-10-21 07:27:43.469131"]]
  ↳ app/controllers/blogs_controller.rb:32:in `block in create'
  [1m[36mTRANSACTION (0.1ms)[0m  [1m[36mcommit transaction[0m
  ↳ app/controllers/blogs_controller.rb:32:in `block in create'
Redirected to http://127.0.0.1:3000/blogs/3
Completed 302 Found in 21ms (ActiveRecord: 7.9ms | Allocations: 1938)


Started GET "/blogs/3" for 127.0.0.1 at 2023-10-21 15:27:43 +0800
Processing by BlogsController#show as TURBO_STREAM
  Parameters: {"id"=>"3"}
  [1m[36mBlog Load (0.1ms)[0m  [1m[34mSELECT "blogs".* FROM "blogs" WHERE "blogs"."id" = ? LIMIT ?[0m  [["id", 3], ["LIMIT", 1]]
  ↳ app/controllers/blogs_controller.rb:68:in `set_blog'
  Rendering layout layouts/application.html.erb
  Rendering blogs/show.html.erb within layouts/application
  Rendered blogs/_blog.html.erb (Duration: 0.1ms | Allocations: 17)
  Rendered blogs/show.html.erb within layouts/application (Duration: 1.3ms | Allocations: 475)
  Rendered layout layouts/application.html.erb (Duration: 8.7ms | Allocations: 2467)
Completed 200 OK in 15ms (Views: 10.1ms | ActiveRecord: 0.1ms | Allocations: 3076)


Started GET "/blogs" for 127.0.0.1 at 2023-10-21 15:27:45 +0800
Processing by BlogsController#index as HTML
  Rendering layout layouts/application.html.erb
  Rendering blogs/index.html.erb within layouts/application
  [1m[36mBlog Load (0.1ms)[0m  [1m[34mSELECT "blogs".* FROM "blogs"[0m
  ↳ app/views/blogs/index.html.erb:6
  Rendered blogs/_blog.html.erb (Duration: 0.1ms | Allocations: 17)
  Rendered blogs/_blog.html.erb (Duration: 0.0ms | Allocations: 16)
  Rendered blogs/_blog.html.erb (Duration: 0.0ms | Allocations: 16)
  Rendered blogs/index.html.erb within layouts/application (Duration: 3.1ms | Allocations: 962)
  Rendered layout layouts/application.html.erb (Duration: 17.3ms | Allocations: 2951)
Completed 200 OK in 22ms (Views: 18.3ms | ActiveRecord: 0.1ms | Allocations: 3213)


Started GET "/blogs" for 127.0.0.1 at 2023-10-21 15:33:12 +0800
Processing by BlogsController#index as HTML
  Rendering layout layouts/application.html.erb
  Rendering blogs/index.html.erb within layouts/application
  [1m[36mBlog Load (0.2ms)[0m  [1m[34mSELECT "blogs".* FROM "blogs"[0m
  ↳ app/views/blogs/index.html.erb:6
  Rendered blogs/_blog.html.erb (Duration: 1.2ms | Allocations: 179)
  Rendered blogs/_blog.html.erb (Duration: 0.0ms | Allocations: 16)
  Rendered blogs/_blog.html.erb (Duration: 0.0ms | Allocations: 16)
  Rendered blogs/index.html.erb within layouts/application (Duration: 16.0ms | Allocations: 4457)
  Rendered layout layouts/application.html.erb (Duration: 54.6ms | Allocations: 17264)
Completed 200 OK in 74ms (Views: 57.9ms | ActiveRecord: 5.4ms | Allocations: 18816)


Started GET "/blogs/3" for 127.0.0.1 at 2023-10-21 15:33:20 +0800
Processing by BlogsController#show as HTML
  Parameters: {"id"=>"3"}
  [1m[36mBlog Load (0.2ms)[0m  [1m[34mSELECT "blogs".* FROM "blogs" WHERE "blogs"."id" = ? LIMIT ?[0m  [["id", 3], ["LIMIT", 1]]
  ↳ app/controllers/blogs_controller.rb:68:in `set_blog'
  Rendering layout layouts/application.html.erb
  Rendering blogs/show.html.erb within layouts/application
  Rendered blogs/_blog.html.erb (Duration: 0.1ms | Allocations: 17)
  Rendered blogs/show.html.erb within layouts/application (Duration: 3.3ms | Allocations: 661)
  Rendered layout layouts/application.html.erb (Duration: 18.5ms | Allocations: 2644)
Completed 200 OK in 32ms (Views: 19.8ms | ActiveRecord: 0.2ms | Allocations: 3944)


Started DELETE "/blogs/3" for 127.0.0.1 at 2023-10-21 15:33:21 +0800
Processing by BlogsController#destroy as TURBO_STREAM
  Parameters: {"authenticity_token"=>"[FILTERED]", "id"=>"3"}
  [1m[36mBlog Load (0.2ms)[0m  [1m[34mSELECT "blogs".* FROM "blogs" WHERE "blogs"."id" = ? LIMIT ?[0m  [["id", 3], ["LIMIT", 1]]
  ↳ app/controllers/blogs_controller.rb:68:in `set_blog'
  [1m[36mTRANSACTION (0.1ms)[0m  [1m[36mbegin transaction[0m
  ↳ app/controllers/blogs_controller.rb:57:in `destroy'
  [1m[36mBlog Destroy (15.8ms)[0m  [1m[31mDELETE FROM "blogs" WHERE "blogs"."id" = ?[0m  [["id", 3]]
  ↳ app/controllers/blogs_controller.rb:57:in `destroy'
  [1m[36mTRANSACTION (6.4ms)[0m  [1m[36mcommit transaction[0m
  ↳ app/controllers/blogs_controller.rb:57:in `destroy'
Redirected to http://127.0.0.1:3000/blogs
Completed 302 Found in 37ms (ActiveRecord: 22.3ms | Allocations: 2101)


Started GET "/blogs" for 127.0.0.1 at 2023-10-21 15:33:21 +0800
Processing by BlogsController#index as TURBO_STREAM
  Rendering layout layouts/application.html.erb
  Rendering blogs/index.html.erb within layouts/application
  [1m[36mBlog Load (0.1ms)[0m  [1m[34mSELECT "blogs".* FROM "blogs"[0m
  ↳ app/views/blogs/index.html.erb:6
  Rendered blogs/_blog.html.erb (Duration: 0.1ms | Allocations: 17)
  Rendered blogs/_blog.html.erb (Duration: 0.0ms | Allocations: 16)
  Rendered blogs/index.html.erb within layouts/application (Duration: 3.6ms | Allocations: 920)
  Rendered layout layouts/application.html.erb (Duration: 15.3ms | Allocations: 2908)
Completed 200 OK in 22ms (Views: 16.7ms | ActiveRecord: 0.1ms | Allocations: 3209)


